[INFO] Using reports/presets.json
[INFO] Using reports/presets.json
[WARN] export fallito per SWDA_L_EUNL_DE Command '['python3', 'scripts/export_from_preset.py', '--input', '/Users/giulio/ArbiSense/data_sample/spread_report_all_pairs_long.normalized.csv', '--preset', '/var/folders/cp/1g5q3md16xzclqtt6j52q6980000gn/T/tmps5wtgwla.json', '--out', '/var/folders/cp/1g5q3md16xzclqtt6j52q6980000gn/T/tmpcb1lcbrp.csv', '--lookback', '7', '--near-delta', '0.3']' returned non-zero exit status 1.
[WARN] export fallito per VWRL_L_VEVE_AS Command '['python3', 'scripts/export_from_preset.py', '--input', '/Users/giulio/ArbiSense/data_sample/spread_report_all_pairs_long.normalized.csv', '--preset', '/var/folders/cp/1g5q3md16xzclqtt6j52q6980000gn/T/tmpqmnh0ktw.json', '--out', '/var/folders/cp/1g5q3md16xzclqtt6j52q6980000gn/T/tmpk4zptsme.csv', '--lookback', '7', '--near-delta', '0.3']' returned non-zero exit status 1.
[WROTE] /Users/giulio/ArbiSense/reports/strong_signals.csv rows=0
[OK] Daily alerts done.
[INFO] Using reports/presets.json
[WROTE] /var/folders/cp/1g5q3md16xzclqtt6j52q6980000gn/T/tmpkvcfwp4r.csv rows=0
[WROTE] /var/folders/cp/1g5q3md16xzclqtt6j52q6980000gn/T/tmpdl9rlo8e.csv rows=0
[WARN] export fallito per SWDA_L_EUNL_DE No columns to parse from file
[WARN] export fallito per VWRL_L_VEVE_AS No columns to parse from file
[WROTE] /Users/giulio/ArbiSense/reports/strong_signals.csv rows=0
[OK] Daily alerts done.
[INFO] Using reports/presets.json
[WROTE] /var/folders/cp/1g5q3md16xzclqtt6j52q6980000gn/T/tmpn0ux8qd7.csv rows=0
[WROTE] /var/folders/cp/1g5q3md16xzclqtt6j52q6980000gn/T/tmpwy91f575.csv rows=0
[WROTE] /Users/giulio/ArbiSense/reports/strong_signals.csv rows=0
[OK] Daily alerts done.
[WROTE] /var/folders/cp/1g5q3md16xzclqtt6j52q6980000gn/T/tmpfjli223u.csv rows=9
                timestamp            pair  side      action         z  z_enter  z_exit  near_delta
2025-07-02T00:00:00+00:00 IWDA_AS_EUNL_DE short  EXIT_SHORT -1.191248      2.4     1.2         NaN
2025-07-16T00:00:00+00:00 IWDA_AS_EUNL_DE short ENTER_SHORT  3.737828      2.4     1.2         NaN
2025-07-17T00:00:00+00:00 IWDA_AS_EUNL_DE short  EXIT_SHORT -0.359845      2.4     1.2         NaN
2025-08-06T00:00:00+00:00 IWDA_AS_EUNL_DE short  EXIT_SHORT -0.369787      2.4     1.2         NaN
2025-09-03T00:00:00+00:00 IWDA_AS_EUNL_DE short  EXIT_SHORT -0.295513      2.4     1.2         NaN
2025-10-01T00:00:00+00:00 IWDA_AS_EUNL_DE short  EXIT_SHORT -0.360089      2.4     1.2         NaN
2025-10-08T00:00:00+00:00 IWDA_AS_EUNL_DE short  EXIT_SHORT -0.346125      2.4     1.2         NaN
2025-10-16T00:00:00+00:00 IWDA_AS_EUNL_DE short  EXIT_SHORT -1.259208      2.4     1.2         NaN
2025-10-20T00:00:00+00:00 IWDA_AS_EUNL_DE short  EXIT_SHORT  0.421751      2.4     1.2         NaN
[WROTE] /var/folders/cp/1g5q3md16xzclqtt6j52q6980000gn/T/tmpa9hzypk1.csv rows=14
                timestamp           pair  side      action        z  z_enter  z_exit  near_delta
2025-07-10T00:00:00+00:00 SWDA_L_EUNL_DE short  EXIT_SHORT 1.380699      2.2     1.4         NaN
2025-07-17T00:00:00+00:00 SWDA_L_EUNL_DE short  EXIT_SHORT 1.210929      2.2     1.4         NaN
2025-07-21T00:00:00+00:00 SWDA_L_EUNL_DE short  EXIT_SHORT 1.385332      2.2     1.4         NaN
2025-07-23T00:00:00+00:00 SWDA_L_EUNL_DE short  EXIT_SHORT 1.012293      2.2     1.4         NaN
2025-07-28T00:00:00+00:00 SWDA_L_EUNL_DE short  EXIT_SHORT 1.038267      2.2     1.4         NaN
2025-08-04T00:00:00+00:00 SWDA_L_EUNL_DE short  EXIT_SHORT 1.391724      2.2     1.4         NaN
2025-08-07T00:00:00+00:00 SWDA_L_EUNL_DE short  EXIT_SHORT 0.731620      2.2     1.4         NaN
2025-09-03T00:00:00+00:00 SWDA_L_EUNL_DE short  EXIT_SHORT 0.641225      2.2     1.4         NaN
2025-09-25T00:00:00+00:00 SWDA_L_EUNL_DE short ENTER_SHORT 2.345723      2.2     1.4         NaN
2025-10-01T00:00:00+00:00 SWDA_L_EUNL_DE short  EXIT_SHORT 0.708037      2.2     1.4         NaN
[WROTE] reports/strong_signals.csv rows=23
                timestamp           pair  side      action        z  z_enter  z_exit  near_delta
2025-07-10T00:00:00+00:00 SWDA_L_EUNL_DE short  EXIT_SHORT 1.380699      2.2     1.4         NaN
2025-07-17T00:00:00+00:00 SWDA_L_EUNL_DE short  EXIT_SHORT 1.210929      2.2     1.4         NaN
2025-07-21T00:00:00+00:00 SWDA_L_EUNL_DE short  EXIT_SHORT 1.385332      2.2     1.4         NaN
2025-07-23T00:00:00+00:00 SWDA_L_EUNL_DE short  EXIT_SHORT 1.012293      2.2     1.4         NaN
2025-07-28T00:00:00+00:00 SWDA_L_EUNL_DE short  EXIT_SHORT 1.038267      2.2     1.4         NaN
2025-08-04T00:00:00+00:00 SWDA_L_EUNL_DE short  EXIT_SHORT 1.391724      2.2     1.4         NaN
2025-08-07T00:00:00+00:00 SWDA_L_EUNL_DE short  EXIT_SHORT 0.731620      2.2     1.4         NaN
2025-09-03T00:00:00+00:00 SWDA_L_EUNL_DE short  EXIT_SHORT 0.641225      2.2     1.4         NaN
2025-09-25T00:00:00+00:00 SWDA_L_EUNL_DE short ENTER_SHORT 2.345723      2.2     1.4         NaN
2025-10-01T00:00:00+00:00 SWDA_L_EUNL_DE short  EXIT_SHORT 0.708037      2.2     1.4         NaN
[OK] Regime filter: 23 -> 18 (zvol_max=1.0, win=20, adf_max=0.3)
[OK] Position guard: 18 -> 11 righe (entro 120 giorni)
[OK] Postfilter: 11 -> 10 righe (cooldown 3 giorni)
[SUMMARY] Segnali per coppia (ultimi 90 gg):
pair
SWDA_L_EUNL_DE    10
[OK] Daily alerts done.
